14.3s 1 rm: cannot remove '/kaggle/working/': Device or resource busy
15.8s 2 Computing weights...
92.8s 3 Weights computed.
93.3s 4 Downloading: "https://download.pytorch.org/models/resnet50-11ad3fa6.pth" to /root/.cache/torch/hub/checkpoints/resnet50-11ad3fa6.pth
93.9s 5 0%|          | 0.00/97.8M [00:00<?, ?B/s] 17%|█▋        | 16.8M/97.8M [00:00<00:00, 175MB/s] 36%|███▋      | 35.6M/97.8M [00:00<00:00, 188MB/s] 55%|█████▌    | 54.2M/97.8M [00:00<00:00, 191MB/s] 75%|███████▍  | 72.9M/97.8M [00:00<00:00, 192MB/s] 93%|█████████▎| 91.4M/97.8M [00:00<00:00, 193MB/s]100%|██████████| 97.8M/97.8M [00:00<00:00, 192MB/s]
94.2s 6 
94.2s 7 Training epoch 1
143.0s 8 Epoch 1/50, train Loss: 1.8892422437667846
189.4s 9 Epoch 1/50, (val) Loss: 3.126393530103895 | Accuracy: 0.20879940343027592
190.0s 10 
190.0s 11 Training epoch 2
238.4s 12 Epoch 2/50, train Loss: 1.4687151908874512
259.4s 13 Epoch 2/50, (val) Loss: 4.405807548099094 | Accuracy: 0.31767337807606266
259.8s 14 
259.8s 15 Training epoch 3
308.3s 16 Epoch 3/50, train Loss: 1.1811416586240133
330.3s 17 Epoch 3/50, (val) Loss: 1.2807031207614474 | Accuracy: 0.5242356450410142
330.7s 18 
330.7s 19 Training epoch 4
378.6s 20 Epoch 4/50, train Loss: 0.9996740221977234
399.3s 21 Epoch 4/50, (val) Loss: 1.3622241814931233 | Accuracy: 0.506338553318419
399.7s 22 
399.7s 23 Training epoch 5
447.2s 24 Epoch 5/50, train Loss: 0.8742741187413533
467.8s 25 Epoch 5/50, (val) Loss: 0.9742305874824524 | Accuracy: 0.6167039522744221
468.3s 26 
468.3s 27 Training epoch 6
515.4s 28 Epoch 6/50, train Loss: 0.8482908725738525
536.1s 29 Epoch 6/50, (val) Loss: 1.7791730297936335 | Accuracy: 0.42878448918717377
536.4s 30 
536.4s 31 Training epoch 7
583.6s 32 Epoch 7/50, train Loss: 0.7699017643928527
604.4s 33 Epoch 7/50, (val) Loss: 0.8259660734070672 | Accuracy: 0.6718866517524236
604.8s 34 
604.8s 35 Training epoch 8
651.7s 36 Epoch 8/50, train Loss: 0.7412206013997396
672.7s 37 Epoch 8/50, (val) Loss: 0.8682983385192024 | Accuracy: 0.6733780760626398
673.1s 38 
673.1s 39 Training epoch 9
721.2s 40 Epoch 9/50, train Loss: 0.7040615479151408
743.8s 41 Epoch 9/50, (val) Loss: 0.8350306087070041 | Accuracy: 0.6890380313199105
744.1s 42 
744.1s 43 Training epoch 10
793.6s 44 Epoch 10/50, train Loss: 0.6740531961123148
815.4s 45 Epoch 10/50, (val) Loss: 0.7811700569258796 | Accuracy: 0.6927665920954511
815.8s 46 
815.8s 47 Training epoch 11
865.6s 48 Epoch 11/50, train Loss: 0.6485157370567322
887.4s 49 Epoch 11/50, (val) Loss: 0.800147083070543 | Accuracy: 0.70917225950783
888.0s 50 
888.0s 51 Training epoch 12
937.7s 52 Epoch 12/50, train Loss: 0.6476048072179158
959.9s 53 Epoch 12/50, (val) Loss: 0.777892013390859 | Accuracy: 0.7076808351976137
960.3s 54 
960.3s 55 Training epoch 13
1010.2s 56 Epoch 13/50, train Loss: 0.6097591141859691
1032.2s 57 Epoch 13/50, (val) Loss: 0.7564597196049161 | Accuracy: 0.7158836689038032
1032.6s 58 
1032.6s 59 Training epoch 14
1082.0s 60 Epoch 14/50, train Loss: 0.6057929833730061
1104.4s 61 Epoch 14/50, (val) Loss: 0.7634733650419447 | Accuracy: 0.7166293810589113
1104.8s 62 
1104.8s 63 Training epoch 15
1154.1s 64 Epoch 15/50, train Loss: 0.6015687227249146
1177.1s 65 Epoch 15/50, (val) Loss: 0.7702733609411452 | Accuracy: 0.7181208053691275
1177.5s 66 
1177.5s 67 Training epoch 16
1227.6s 68 Epoch 16/50, train Loss: 0.5822302957375844
1250.2s 69 Epoch 16/50, (val) Loss: 0.7802297936545478 | Accuracy: 0.7166293810589113
1250.6s 70 
1250.6s 71 Training epoch 17
1301.4s 72 Epoch 17/50, train Loss: 0.5998337169488271
1323.6s 73 Epoch 17/50, (val) Loss: 0.7697478996382819 | Accuracy: 0.7218493661446681
1324.0s 74 
1324.0s 75 Training epoch 18
1374.3s 76 Epoch 18/50, train Loss: 0.5717344363530477
1396.9s 77 Epoch 18/50, (val) Loss: 0.786088764667511 | Accuracy: 0.7203579418344519
1397.3s 78 
1397.3s 79 Training epoch 19
1446.8s 80 Epoch 19/50, train Loss: 0.5523363212744395
1469.0s 81 Epoch 19/50, (val) Loss: 0.7846739027235243 | Accuracy: 0.72110365398956
1469.4s 82 
1469.4s 83 Training epoch 20
1519.3s 84 Epoch 20/50, train Loss: 0.5581877966721852
1541.4s 85 Epoch 20/50, (val) Loss: 0.7942999667591519 | Accuracy: 0.7218493661446681
1541.8s 86 
1541.8s 87 Training epoch 21
1590.5s 88 Epoch 21/50, train Loss: 0.5681642949581146
1612.2s 89 Epoch 21/50, (val) Loss: 0.7961466047498915 | Accuracy: 0.7248322147651006
1612.7s 90 
1612.7s 91 Training epoch 22
1661.5s 92 Epoch 22/50, train Loss: 0.5364772359530131
1683.0s 93 Epoch 22/50, (val) Loss: 0.7882953815990024 | Accuracy: 0.7218493661446681
1683.4s 94 
1683.4s 95 Training epoch 23
1732.1s 96 Epoch 23/50, train Loss: 0.5495124876499176
1753.5s 97 Epoch 23/50, (val) Loss: 0.7861086924870809 | Accuracy: 0.7263236390753169
1753.9s 98 
1753.9s 99 Training epoch 24
1802.5s 100 Epoch 24/50, train Loss: 0.5809981266657511
1823.6s 101 Epoch 24/50, (val) Loss: 0.7758278581831191 | Accuracy: 0.7248322147651006
1824.0s 102 
1824.0s 103 Training epoch 25
1872.2s 104 Epoch 25/50, train Loss: 0.5579786777496338
1894.0s 105 Epoch 25/50, (val) Loss: 0.7754461897744073 | Accuracy: 0.7285607755406414
1894.4s 106 
1894.4s 107 Training epoch 26
1942.6s 108 Epoch 26/50, train Loss: 0.543040390809377
1964.8s 109 Epoch 26/50, (val) Loss: 0.7765973740153842 | Accuracy: 0.7263236390753169
1965.2s 110 
1965.2s 111 Training epoch 27
2014.5s 112 Epoch 27/50, train Loss: 0.5377838412920634
2036.4s 113 Epoch 27/50, (val) Loss: 0.7814965181880527 | Accuracy: 0.7255779269202088
2036.8s 114 
2036.8s 115 Training epoch 28
2085.8s 116 Epoch 28/50, train Loss: 0.5837013820807139
2107.9s 117 Epoch 28/50, (val) Loss: 0.7850763069258796 | Accuracy: 0.7248322147651006
2108.3s 118 
2108.3s 119 Training epoch 29
2157.7s 120 Epoch 29/50, train Loss: 0.5460118889808655
2179.9s 121 Epoch 29/50, (val) Loss: 0.7696648902363248 | Accuracy: 0.7293064876957495
2180.2s 122 
2180.2s 123 Training epoch 30
2229.1s 124 Epoch 30/50, train Loss: 0.5493525405724843
2251.2s 125 Epoch 30/50, (val) Loss: 0.7805676195356581 | Accuracy: 0.7225950782997763
2251.6s 126 
2251.6s 127 Training epoch 31
2300.8s 128 Epoch 31/50, train Loss: 0.528934492667516
2322.8s 129 Epoch 31/50, (val) Loss: 0.7836166752709283 | Accuracy: 0.7263236390753169
2323.4s 130 
2323.4s 131 Training epoch 32
2373.0s 132 Epoch 32/50, train Loss: 0.5281510730584462
2395.0s 133 Epoch 32/50, (val) Loss: 0.7799205515119765 | Accuracy: 0.727069351230425
2395.4s 134 
2395.4s 135 Training epoch 33
2444.7s 136 Epoch 33/50, train Loss: 0.5526062508424123
2466.3s 137 Epoch 33/50, (val) Loss: 0.7770122223430209 | Accuracy: 0.7278150633855331
2466.7s 138 
2466.7s 139 Training epoch 34
2515.6s 140 Epoch 34/50, train Loss: 0.5599077542622884
2537.8s 141 Epoch 34/50, (val) Loss: 0.7705989546245999 | Accuracy: 0.7240865026099925
2538.2s 142 
2538.2s 143 Training epoch 35
2587.3s 144 Epoch 35/50, train Loss: 0.5522291521231334
2609.3s 145 Epoch 35/50, (val) Loss: 0.7810366219944425 | Accuracy: 0.7225950782997763
2609.7s 146 
2609.7s 147 Training epoch 36
2658.9s 148 Epoch 36/50, train Loss: 0.5456225593884786
2680.7s 149 Epoch 36/50, (val) Loss: 0.7820255425241258 | Accuracy: 0.727069351230425
2681.1s 150 
2681.1s 151 Training epoch 37